<?xml version="1.0" encoding="UTF-8"?>
<!-- Generated by org.testng.reporters.JUnitXMLReporter -->
<testsuite ignored="3" hostname="DESKTOP-K5OU0V1" failures="0" tests="2" name="Default test" time="15.859" errors="0" timestamp="2022-07-16T17:25:50 IST">
  <testcase classname="TestPack.ZerodhaTestClass" name="Login" time="1.846"/>
  <testcase classname="TestPack.ZerodhaTestClass" name="homePage" time="5.446"/>
  <testcase classname="TestPack.ZerodhaTestClass" name="buyAndSell" time="0.0">
    <ignored/>
  </testcase> <!-- buyAndSell -->
  <testcase classname="TestPack.ZerodhaTestClass" name="openChart" time="0.0">
    <ignored/>
  </testcase> <!-- openChart -->
  <testcase classname="TestPack.ZerodhaTestClass" name="InvalidLogin" time="0.0">
    <ignored/>
  </testcase> <!-- InvalidLogin -->
</testsuite> <!-- Default test -->
