<?xml version="1.0" encoding="UTF-8"?>
<testng-results ignored="3" total="5" passed="2" failed="0" skipped="0">
  <reporter-output>
  </reporter-output>
  <suite started-at="2022-07-16T17:25:34 IST" name="Default suite" finished-at="2022-07-16T17:25:50 IST" duration-ms="15859">
    <groups>
    </groups>
    <test started-at="2022-07-16T17:25:34 IST" name="Default test" finished-at="2022-07-16T17:25:50 IST" duration-ms="15859">
      <class name="TestPack.ZerodhaTestClass">
        <test-method is-config="true" signature="beforeClass()[pri:0, instance:TestPack.ZerodhaTestClass@2eae8e6e]" started-at="2022-07-16T17:25:34 IST" name="beforeClass" finished-at="2022-07-16T17:25:42 IST" duration-ms="8085" status="PASS">
          <reporter-output>
          </reporter-output>
        </test-method> <!-- beforeClass -->
        <test-method signature="Login()[pri:0, instance:TestPack.ZerodhaTestClass@2eae8e6e]" started-at="2022-07-16T17:25:42 IST" name="Login" finished-at="2022-07-16T17:25:44 IST" duration-ms="1846" status="PASS">
          <reporter-output>
          </reporter-output>
        </test-method> <!-- Login -->
        <test-method signature="homePage()[pri:0, instance:TestPack.ZerodhaTestClass@2eae8e6e]" started-at="2022-07-16T17:25:44 IST" name="homePage" finished-at="2022-07-16T17:25:49 IST" duration-ms="5446" status="PASS">
          <reporter-output>
          </reporter-output>
        </test-method> <!-- homePage -->
        <test-method is-config="true" signature="afterClass()[pri:0, instance:TestPack.ZerodhaTestClass@2eae8e6e]" started-at="2022-07-16T17:25:49 IST" name="afterClass" finished-at="2022-07-16T17:25:50 IST" duration-ms="374" status="PASS">
          <reporter-output>
          </reporter-output>
        </test-method> <!-- afterClass -->
      </class> <!-- TestPack.ZerodhaTestClass -->
    </test> <!-- Default test -->
  </suite> <!-- Default suite -->
</testng-results>
